2016-08-15 08:57:55,947 [ERROR] Line:399  'minfo'
2016-08-15 08:57:55,948 [ERROR] Line:401  Python 运维开发[1] may has no members 
2016-08-15 08:58:01,756 [ERROR] Line:296  None not in Grount
2016-08-15 08:58:01,756 [ERROR] Line:297  '1510419359'
2016-08-15 09:33:37,131 [ERROR] Line:365  Thread Exception aborted !: ('Connection aborted.', BadStatusLine("''",))
2016-08-15 09:53:30,355 [ERROR] Line:365  Thread Exception aborted !: ('Connection aborted.', BadStatusLine("''",))
2016-08-15 11:00:34,644 [ERROR] Line:296  None not in Grount
2016-08-15 11:00:34,645 [ERROR] Line:297  '782604934'
2016-08-15 14:52:09,147 [ERROR] Line:296  None not in Grount
2016-08-15 14:52:09,148 [ERROR] Line:297  '3510754503'
2016-08-15 15:27:18,069 [ERROR] Line:296  None not in Grount
2016-08-15 15:27:18,069 [ERROR] Line:297  '2968725443'
2016-08-15 16:15:54,013 [WARNING] Line:123  Cookies_file time out
2016-08-15 20:57:33,016 [ERROR] Line:296  None not in Grount
2016-08-15 20:57:33,016 [ERROR] Line:297  '1726565558'
2016-08-15 21:09:14,505 [ERROR] Line:296  None not in Grount
2016-08-15 21:09:14,505 [ERROR] Line:297  '3716245464'
2016-08-15 21:34:20,832 [ERROR] Line:399  'minfo'
2016-08-15 21:34:20,832 [ERROR] Line:401  linux /shell/awk/sed 联盟 may has no members 
2016-08-15 21:34:20,832 [ERROR] Line:365  Thread Exception aborted !: 'NoneType' object has no attribute 'keys'
2016-08-16 00:45:46,868 [ERROR] Line:296  None not in Grount
2016-08-16 00:45:46,868 [ERROR] Line:297  '1232087544'
2016-08-16 09:00:02,924 [ERROR] Line:296  None not in Grount
2016-08-16 09:00:02,924 [ERROR] Line:297  '1555648392'
2016-08-16 09:00:37,214 [ERROR] Line:296  None not in Grount
2016-08-16 09:00:37,214 [ERROR] Line:297  '1555648392'
2016-08-16 10:14:15,282 [ERROR] Line:307  No JSON object could be decoded
2016-08-16 10:14:15,282 [ERROR] Line:308  ValueError: 140 lines
2016-08-16 10:14:15,411 [ERROR] Line:307  No JSON object could be decoded
2016-08-16 10:14:15,411 [ERROR] Line:308  ValueError: 140 lines
2016-08-16 10:14:15,500 [ERROR] Line:307  No JSON object could be decoded
2016-08-16 10:14:15,500 [ERROR] Line:308  ValueError: 140 lines
2016-08-16 10:17:28,479 [ERROR] Line:307  No JSON object could be decoded
2016-08-16 10:17:28,479 [ERROR] Line:308  ValueError: 140 lines
2016-08-16 10:20:47,494 [ERROR] Line:307  No JSON object could be decoded
2016-08-16 10:20:47,494 [ERROR] Line:308  ValueError: 140 lines
2016-08-16 10:22:32,969 [ERROR] Line:307  No JSON object could be decoded
2016-08-16 10:22:32,969 [ERROR] Line:308  ValueError: 140 lines
2016-08-16 10:23:00,869 [ERROR] Line:296  None not in Grount
2016-08-16 10:23:00,869 [ERROR] Line:297  '3350523659'
2016-08-16 10:30:15,234 [ERROR] Line:307  No JSON object could be decoded
2016-08-16 10:30:15,234 [ERROR] Line:308  ValueError: 140 lines
2016-08-16 10:30:15,436 [ERROR] Line:307  No JSON object could be decoded
2016-08-16 10:30:15,436 [ERROR] Line:308  ValueError: 140 lines
2016-08-16 10:36:29,296 [ERROR] Line:307  No JSON object could be decoded
2016-08-16 10:36:29,296 [ERROR] Line:308  ValueError: 140 lines
2016-08-16 10:41:44,601 [ERROR] Line:307  No JSON object could be decoded
2016-08-16 10:41:44,601 [ERROR] Line:308  ValueError: 140 lines
2016-08-16 10:53:15,335 [ERROR] Line:307  No JSON object could be decoded
2016-08-16 10:53:15,335 [ERROR] Line:308  ValueError: 140 lines
2016-08-16 10:57:33,903 [ERROR] Line:307  No JSON object could be decoded
2016-08-16 10:57:33,904 [ERROR] Line:308  ValueError: 140 lines
2016-08-16 10:59:00,073 [ERROR] Line:307  No JSON object could be decoded
2016-08-16 10:59:00,073 [ERROR] Line:308  ValueError: 140 lines
2016-08-16 10:59:03,186 [ERROR] Line:307  No JSON object could be decoded
2016-08-16 10:59:03,186 [ERROR] Line:308  ValueError: 140 lines
2016-08-16 11:06:34,089 [ERROR] Line:307  No JSON object could be decoded
2016-08-16 11:06:34,089 [ERROR] Line:308  ValueError: 140 lines
2016-08-16 11:14:16,424 [ERROR] Line:307  No JSON object could be decoded
2016-08-16 11:14:16,424 [ERROR] Line:308  ValueError: 140 lines
2016-08-16 11:15:21,648 [WARNING] Line:123  Cookies_file time out
2016-08-16 11:16:58,548 [ERROR] Line:307  No JSON object could be decoded
2016-08-16 11:16:58,549 [ERROR] Line:308  ValueError: 140 lines
2016-08-16 11:16:58,641 [ERROR] Line:307  No JSON object could be decoded
2016-08-16 11:16:58,641 [ERROR] Line:308  ValueError: 140 lines
2016-08-16 11:24:03,464 [ERROR] Line:307  No JSON object could be decoded
2016-08-16 11:24:03,464 [ERROR] Line:308  ValueError: 140 lines
2016-08-16 11:24:29,069 [ERROR] Line:307  No JSON object could be decoded
2016-08-16 11:24:29,071 [ERROR] Line:308  ValueError: 140 lines
2016-08-16 11:32:19,089 [ERROR] Line:307  No JSON object could be decoded
2016-08-16 11:32:19,089 [ERROR] Line:308  ValueError: 140 lines
2016-08-16 11:50:12,117 [ERROR] Line:296  None not in Grount
2016-08-16 11:50:12,117 [ERROR] Line:297  '2545656636'
2016-08-16 11:54:21,601 [ERROR] Line:296  None not in Grount
2016-08-16 11:54:21,601 [ERROR] Line:297  '3039950813'
2016-08-16 11:58:21,147 [ERROR] Line:296  None not in Grount
2016-08-16 11:58:21,147 [ERROR] Line:297  '4279882839'
2016-08-16 12:21:08,512 [ERROR] Line:399  'result'
2016-08-16 12:21:08,512 [ERROR] Line:401  linux /shell/awk/sed 联盟 may has no members 
2016-08-16 12:24:01,012 [ERROR] Line:365  Thread Exception aborted !: 'NoneType' object has no attribute 'keys'
2016-08-16 12:38:38,164 [ERROR] Line:296  None not in Grount
2016-08-16 12:38:38,164 [ERROR] Line:297  '2283066861'
2016-08-16 13:13:14,046 [ERROR] Line:307  No JSON object could be decoded
2016-08-16 13:13:14,046 [ERROR] Line:308  ValueError: 140 lines
2016-08-16 13:25:16,361 [ERROR] Line:307  No JSON object could be decoded
2016-08-16 13:25:16,361 [ERROR] Line:308  ValueError: 140 lines
2016-08-16 13:25:17,960 [ERROR] Line:307  No JSON object could be decoded
2016-08-16 13:25:17,960 [ERROR] Line:308  ValueError: 140 lines
2016-08-16 13:36:33,813 [ERROR] Line:307  No JSON object could be decoded
2016-08-16 13:36:33,815 [ERROR] Line:308  ValueError: 140 lines
2016-08-16 13:45:00,255 [ERROR] Line:307  No JSON object could be decoded
2016-08-16 13:45:00,256 [ERROR] Line:308  ValueError: 140 lines
2016-08-16 13:45:00,301 [ERROR] Line:307  No JSON object could be decoded
2016-08-16 13:45:00,301 [ERROR] Line:308  ValueError: 140 lines
2016-08-16 13:45:01,053 [ERROR] Line:307  No JSON object could be decoded
2016-08-16 13:45:01,053 [ERROR] Line:308  ValueError: 140 lines
2016-08-16 14:11:42,398 [ERROR] Line:296  None not in Grount
2016-08-16 14:11:42,398 [ERROR] Line:297  '797648446'
2016-08-16 14:12:32,964 [ERROR] Line:307  No JSON object could be decoded
2016-08-16 14:12:32,964 [ERROR] Line:308  ValueError: 140 lines
2016-08-16 14:40:33,954 [ERROR] Line:307  No JSON object could be decoded
2016-08-16 14:40:33,954 [ERROR] Line:308  ValueError: 140 lines
2016-08-16 14:42:31,289 [ERROR] Line:307  No JSON object could be decoded
2016-08-16 14:42:31,289 [ERROR] Line:308  ValueError: 140 lines
2016-08-16 14:49:33,394 [ERROR] Line:307  No JSON object could be decoded
2016-08-16 14:49:33,394 [ERROR] Line:308  ValueError: 140 lines
2016-08-16 14:50:03,480 [ERROR] Line:307  No JSON object could be decoded
2016-08-16 14:50:03,480 [ERROR] Line:308  ValueError: 140 lines
2016-08-16 14:51:46,410 [ERROR] Line:307  No JSON object could be decoded
2016-08-16 14:51:46,410 [ERROR] Line:308  ValueError: 140 lines
2016-08-16 14:58:32,966 [ERROR] Line:307  No JSON object could be decoded
2016-08-16 14:58:32,966 [ERROR] Line:308  ValueError: 140 lines
2016-08-16 14:58:33,901 [ERROR] Line:307  No JSON object could be decoded
2016-08-16 14:58:33,901 [ERROR] Line:308  ValueError: 140 lines
2016-08-16 15:08:16,997 [ERROR] Line:307  No JSON object could be decoded
2016-08-16 15:08:16,999 [ERROR] Line:308  ValueError: 140 lines
2016-08-16 15:08:21,193 [ERROR] Line:296  None not in Grount
2016-08-16 15:08:21,193 [ERROR] Line:297  '908853653'
2016-08-16 15:13:31,394 [ERROR] Line:307  No JSON object could be decoded
2016-08-16 15:13:31,394 [ERROR] Line:308  ValueError: 140 lines
2016-08-16 15:17:30,075 [ERROR] Line:307  No JSON object could be decoded
2016-08-16 15:17:30,075 [ERROR] Line:308  ValueError: 140 lines
2016-08-16 15:24:31,532 [ERROR] Line:307  No JSON object could be decoded
2016-08-16 15:24:31,532 [ERROR] Line:308  ValueError: 140 lines
2016-08-16 15:25:01,582 [ERROR] Line:307  No JSON object could be decoded
2016-08-16 15:25:01,582 [ERROR] Line:308  ValueError: 140 lines
2016-08-16 15:25:04,101 [ERROR] Line:307  No JSON object could be decoded
2016-08-16 15:25:04,101 [ERROR] Line:308  ValueError: 140 lines
2016-08-16 15:26:04,588 [ERROR] Line:307  No JSON object could be decoded
2016-08-16 15:26:04,588 [ERROR] Line:308  ValueError: 140 lines
2016-08-16 15:29:01,944 [ERROR] Line:307  No JSON object could be decoded
2016-08-16 15:29:01,944 [ERROR] Line:308  ValueError: 140 lines
2016-08-16 15:40:34,796 [ERROR] Line:307  No JSON object could be decoded
2016-08-16 15:40:34,796 [ERROR] Line:308  ValueError: 140 lines
2016-08-16 15:40:58,686 [ERROR] Line:307  No JSON object could be decoded
2016-08-16 15:40:58,686 [ERROR] Line:308  ValueError: 140 lines
2016-08-16 15:51:49,799 [ERROR] Line:307  No JSON object could be decoded
2016-08-16 15:51:49,799 [ERROR] Line:308  ValueError: 140 lines
2016-08-16 15:51:50,013 [ERROR] Line:307  No JSON object could be decoded
2016-08-16 15:51:50,013 [ERROR] Line:308  ValueError: 140 lines
2016-08-16 15:53:18,775 [ERROR] Line:307  No JSON object could be decoded
2016-08-16 15:53:18,775 [ERROR] Line:308  ValueError: 140 lines
2016-08-16 15:56:04,653 [ERROR] Line:307  No JSON object could be decoded
2016-08-16 15:56:04,653 [ERROR] Line:308  ValueError: 140 lines
2016-08-16 15:56:46,664 [ERROR] Line:307  No JSON object could be decoded
2016-08-16 15:56:46,664 [ERROR] Line:308  ValueError: 140 lines
2016-08-16 16:00:19,552 [ERROR] Line:307  No JSON object could be decoded
2016-08-16 16:00:19,552 [ERROR] Line:308  ValueError: 140 lines
2016-08-16 16:03:31,999 [ERROR] Line:307  No JSON object could be decoded
2016-08-16 16:03:32,000 [ERROR] Line:308  ValueError: 140 lines
2016-08-16 16:03:32,148 [ERROR] Line:307  No JSON object could be decoded
2016-08-16 16:03:32,148 [ERROR] Line:308  ValueError: 140 lines
2016-08-16 16:16:33,118 [ERROR] Line:307  No JSON object could be decoded
2016-08-16 16:16:33,118 [ERROR] Line:308  ValueError: 140 lines
2016-08-16 16:24:05,930 [ERROR] Line:307  No JSON object could be decoded
2016-08-16 16:24:05,930 [ERROR] Line:308  ValueError: 140 lines
2016-08-16 16:26:45,931 [ERROR] Line:307  No JSON object could be decoded
2016-08-16 16:26:45,933 [ERROR] Line:308  ValueError: 140 lines
2016-08-16 16:27:04,436 [ERROR] Line:307  No JSON object could be decoded
2016-08-16 16:27:04,436 [ERROR] Line:308  ValueError: 140 lines
2016-08-16 16:27:45,858 [ERROR] Line:307  No JSON object could be decoded
2016-08-16 16:27:45,858 [ERROR] Line:308  ValueError: 140 lines
2016-08-16 16:29:01,338 [ERROR] Line:307  No JSON object could be decoded
2016-08-16 16:29:01,338 [ERROR] Line:308  ValueError: 140 lines
2016-08-16 16:29:03,250 [ERROR] Line:307  No JSON object could be decoded
2016-08-16 16:29:03,250 [ERROR] Line:308  ValueError: 140 lines
2016-08-16 16:29:04,319 [ERROR] Line:307  No JSON object could be decoded
2016-08-16 16:29:04,319 [ERROR] Line:308  ValueError: 140 lines
2016-08-16 16:31:29,661 [ERROR] Line:307  No JSON object could be decoded
2016-08-16 16:31:29,661 [ERROR] Line:308  ValueError: 140 lines
2016-08-16 16:33:31,790 [ERROR] Line:307  No JSON object could be decoded
2016-08-16 16:33:31,790 [ERROR] Line:308  ValueError: 140 lines
2016-08-16 16:33:31,976 [ERROR] Line:307  No JSON object could be decoded
2016-08-16 16:33:31,976 [ERROR] Line:308  ValueError: 140 lines
2016-08-16 16:34:01,653 [ERROR] Line:307  No JSON object could be decoded
2016-08-16 16:34:01,653 [ERROR] Line:308  ValueError: 140 lines
2016-08-16 16:59:20,200 [WARNING] Line:123  Cookies_file time out
2016-08-16 17:01:35,098 [ERROR] Line:307  No JSON object could be decoded
2016-08-16 17:01:35,098 [ERROR] Line:308  ValueError: 140 lines
2016-08-16 17:02:17,263 [ERROR] Line:307  No JSON object could be decoded
2016-08-16 17:02:17,263 [ERROR] Line:308  ValueError: 140 lines
2016-08-16 17:03:20,293 [ERROR] Line:307  No JSON object could be decoded
2016-08-16 17:03:20,293 [ERROR] Line:308  ValueError: 140 lines
2016-08-16 17:03:20,394 [ERROR] Line:307  No JSON object could be decoded
2016-08-16 17:03:20,394 [ERROR] Line:308  ValueError: 140 lines
2016-08-16 17:05:33,964 [ERROR] Line:307  No JSON object could be decoded
2016-08-16 17:05:33,964 [ERROR] Line:308  ValueError: 140 lines
2016-08-16 17:05:34,032 [ERROR] Line:307  No JSON object could be decoded
2016-08-16 17:05:34,032 [ERROR] Line:308  ValueError: 140 lines
2016-08-16 17:07:15,812 [ERROR] Line:307  No JSON object could be decoded
2016-08-16 17:07:15,812 [ERROR] Line:308  ValueError: 140 lines
2016-08-16 17:08:47,119 [ERROR] Line:307  No JSON object could be decoded
2016-08-16 17:08:47,121 [ERROR] Line:308  ValueError: 140 lines
2016-08-16 17:08:47,303 [ERROR] Line:307  No JSON object could be decoded
2016-08-16 17:08:47,303 [ERROR] Line:308  ValueError: 140 lines
2016-08-16 17:08:48,582 [ERROR] Line:365  Thread Exception aborted !: ('Connection aborted.', BadStatusLine("''",))
2016-08-16 17:19:02,206 [ERROR] Line:307  No JSON object could be decoded
2016-08-16 17:19:02,207 [ERROR] Line:308  ValueError: 140 lines
2016-08-16 17:19:02,352 [ERROR] Line:307  No JSON object could be decoded
2016-08-16 17:19:02,352 [ERROR] Line:308  ValueError: 140 lines
2016-08-16 17:19:20,901 [ERROR] Line:307  No JSON object could be decoded
2016-08-16 17:19:20,901 [ERROR] Line:308  ValueError: 140 lines
2016-08-16 17:29:50,424 [ERROR] Line:296  None not in Grount
2016-08-16 17:29:50,424 [ERROR] Line:297  '824374592'
2016-08-16 17:30:31,986 [ERROR] Line:307  No JSON object could be decoded
2016-08-16 17:30:31,986 [ERROR] Line:308  ValueError: 140 lines
2016-08-16 17:30:47,117 [ERROR] Line:307  No JSON object could be decoded
2016-08-16 17:30:47,117 [ERROR] Line:308  ValueError: 140 lines
2016-08-16 18:41:28,755 [ERROR] Line:399  'minfo'
2016-08-16 18:41:28,755 [ERROR] Line:401  linux /shell/awk/sed 联盟 may has no members 
2016-08-16 18:41:28,756 [ERROR] Line:365  Thread Exception aborted !: 'NoneType' object has no attribute 'keys'
2016-08-16 20:16:44,085 [ERROR] Line:399  'minfo'
2016-08-16 20:16:44,085 [ERROR] Line:401  linux /shell/awk/sed 联盟 may has no members 
2016-08-16 20:19:14,345 [ERROR] Line:365  Thread Exception aborted !: 'NoneType' object has no attribute 'keys'
2016-08-16 21:33:47,415 [ERROR] Line:307  No JSON object could be decoded
2016-08-16 21:33:47,417 [ERROR] Line:308  ValueError: 140 lines
2016-08-17 08:57:42,897 [WARNING] Line:123  Cookies_file time out
